Arguments: 
  /usr/local/Cellar/node/11.9.0/bin/node /usr/local/Cellar/yarn/1.13.0/libexec/bin/yarn.js

PATH: 
  /usr/local/heroku/bin:/usr/local/bin:/usr/local/sbin:~/bin:/Users/zero/.rvm/gems/ruby-2.0.0-p481/bin:/Users/zero/.rvm/gems/ruby-2.0.0-p481@global/bin:/Users/zero/.rvm/rubies/ruby-2.0.0-p481/bin:/usr/local/bin:/usr/bin:/bin:/usr/sbin:/sbin:/Users/zero/.rvm/bin:/Users/zero/.rvm/bin

Yarn version: 
  1.13.0

Node version: 
  11.9.0

Platform: 
  darwin x64

Trace: 
  SyntaxError: /Users/zero/Desktop/fullStack/package.json: Unexpected token } in JSON at position 397
      at JSON.parse (<anonymous>)
      at /usr/local/Cellar/yarn/1.13.0/libexec/lib/cli.js:1625:59
      at Generator.next (<anonymous>)
      at step (/usr/local/Cellar/yarn/1.13.0/libexec/lib/cli.js:304:30)
      at /usr/local/Cellar/yarn/1.13.0/libexec/lib/cli.js:315:13

npm manifest: 
  {
    "name": "fullStack",
    "version": "1.0.0",
    "scripts": {
      "client": "cd client && yarn start",
      "server": "nodemon server.js",
      "dev": "concurrently --kill-others-on-fail \"yarn server\" \"yarn client\""
    },
    "dependencies": {
      "body-parser": "^1.18.3",
      "express": "^4.16.4"
    },
    "devDependencies": {
      "concurrently": "^4.0.1"
    },
    "proxy": "http://localhost:5000/",
  }

yarn manifest: 
  No manifest

Lockfile: 
  No lockfile
